<?xml version="1.0" encoding="UTF-8"?>
<!-- Generated by org.testng.reporters.JUnitXMLReporter -->
<testsuite ignored="0" hostname="SANDEEP-LAPTOP" failures="0" tests="7" name="Test" time="36.771" errors="0" timestamp="2025-02-12T22:30:33 IST">
  <testcase classname="testCases.TC_001_AccountRegistrationTest" name="verify_account_registration" time="13.945"/>
  <testcase classname="testCases.TC_002_LoginTest" name="verify_account_Login" time="2.057"/>
  <testcase classname="testCases.TC_003_LoginDDT" name="verify_loginDDT" time="1.716"/>
  <testcase classname="testCases.TC_003_LoginDDT" name="verify_loginDDT" time="1.406"/>
  <testcase classname="testCases.TC_003_LoginDDT" name="verify_loginDDT" time="1.579"/>
  <testcase classname="testCases.TC_003_LoginDDT" name="verify_loginDDT" time="1.51"/>
  <testcase classname="testCases.TC_003_LoginDDT" name="verify_loginDDT" time="1.658"/>
</testsuite> <!-- Test -->
