<?xml version="1.0" encoding="UTF-8"?>
<!-- Generated by org.testng.reporters.JUnitXMLReporter -->
<testsuite ignored="0" hostname="Shivani-Laptop" failures="0" tests="7" name="Test" time="44.191" errors="0" timestamp="2025-02-20T09:02:19 IST">
  <testcase classname="testCases.TC_001_AccountRegistrationTest" name="verify_account_registration" time="12.138"/>
  <testcase classname="testCases.TC_002_LoginTest" name="verify_account_Login" time="1.392"/>
  <testcase classname="testCases.TC_003_LoginDDT" name="verify_loginDDT" time="1.466"/>
  <testcase classname="testCases.TC_003_LoginDDT" name="verify_loginDDT" time="1.615"/>
  <testcase classname="testCases.TC_003_LoginDDT" name="verify_loginDDT" time="1.437"/>
  <testcase classname="testCases.TC_003_LoginDDT" name="verify_loginDDT" time="1.402"/>
  <testcase classname="testCases.TC_003_LoginDDT" name="verify_loginDDT" time="3.098"/>
</testsuite> <!-- Test -->
