<?xml version="1.0" encoding="UTF-8"?>
<!-- Generated by org.testng.reporters.JUnitXMLReporter -->
<testsuite ignored="0" hostname="SANDEEP-LAPTOP" failures="0" tests="7" name="Test" time="33.481" errors="0" timestamp="2025-02-12T22:49:55 IST">
  <testcase classname="testCases.TC_001_AccountRegistrationTest" name="verify_account_registration" time="12.366"/>
  <testcase classname="testCases.TC_002_LoginTest" name="verify_account_Login" time="1.468"/>
  <testcase classname="testCases.TC_003_LoginDDT" name="verify_loginDDT" time="1.529"/>
  <testcase classname="testCases.TC_003_LoginDDT" name="verify_loginDDT" time="1.284"/>
  <testcase classname="testCases.TC_003_LoginDDT" name="verify_loginDDT" time="1.438"/>
  <testcase classname="testCases.TC_003_LoginDDT" name="verify_loginDDT" time="1.179"/>
  <testcase classname="testCases.TC_003_LoginDDT" name="verify_loginDDT" time="1.661"/>
</testsuite> <!-- Test -->
