<?xml version="1.0" encoding="UTF-8"?>
<testng-results ignored="0" total="7" passed="7" failed="0" skipped="0">
  <reporter-output>
  </reporter-output>
  <suite started-at="2025-02-20T09:01:33 IST" name="Suite" finished-at="2025-02-20T09:02:17 IST" duration-ms="44191">
    <groups>
    </groups>
    <test started-at="2025-02-20T09:01:33 IST" name="Test" finished-at="2025-02-20T09:02:17 IST" duration-ms="44191">
      <class name="testCases.TC_001_AccountRegistrationTest">
        <test-method is-config="true" signature="setup(java.lang.String,java.lang.String)[pri:0, instance:testCases.TC_001_AccountRegistrationTest@6069db50]" started-at="2025-02-20T09:01:33 IST" name="setup" finished-at="2025-02-20T09:01:47 IST" duration-ms="13525" status="PASS">
          <params>
            <param index="0">
              <value>
                <![CDATA[Windows]]>
              </value>
            </param>
            <param index="1">
              <value>
                <![CDATA[chrome]]>
              </value>
            </param>
          </params>
          <reporter-output>
          </reporter-output>
        </test-method> <!-- setup -->
        <test-method signature="verify_account_registration()[pri:0, instance:testCases.TC_001_AccountRegistrationTest@6069db50]" started-at="2025-02-20T09:01:47 IST" name="verify_account_registration" finished-at="2025-02-20T09:01:59 IST" duration-ms="12138" status="PASS">
          <reporter-output>
          </reporter-output>
        </test-method> <!-- verify_account_registration -->
        <test-method is-config="true" signature="tearDown()[pri:0, instance:testCases.TC_001_AccountRegistrationTest@6069db50]" started-at="2025-02-20T09:01:59 IST" name="tearDown" finished-at="2025-02-20T09:02:00 IST" duration-ms="459" status="PASS">
          <reporter-output>
          </reporter-output>
        </test-method> <!-- tearDown -->
      </class> <!-- testCases.TC_001_AccountRegistrationTest -->
      <class name="testCases.TC_002_LoginTest">
        <test-method is-config="true" signature="setup(java.lang.String,java.lang.String)[pri:0, instance:testCases.TC_002_LoginTest@2f9f7dcf]" started-at="2025-02-20T09:02:00 IST" name="setup" finished-at="2025-02-20T09:02:02 IST" duration-ms="2856" status="PASS">
          <params>
            <param index="0">
              <value>
                <![CDATA[Windows]]>
              </value>
            </param>
            <param index="1">
              <value>
                <![CDATA[chrome]]>
              </value>
            </param>
          </params>
          <reporter-output>
          </reporter-output>
        </test-method> <!-- setup -->
        <test-method signature="verify_account_Login()[pri:0, instance:testCases.TC_002_LoginTest@2f9f7dcf]" started-at="2025-02-20T09:02:02 IST" name="verify_account_Login" finished-at="2025-02-20T09:02:04 IST" duration-ms="1392" status="PASS">
          <reporter-output>
          </reporter-output>
        </test-method> <!-- verify_account_Login -->
        <test-method is-config="true" signature="tearDown()[pri:0, instance:testCases.TC_002_LoginTest@2f9f7dcf]" started-at="2025-02-20T09:02:04 IST" name="tearDown" finished-at="2025-02-20T09:02:04 IST" duration-ms="241" status="PASS">
          <reporter-output>
          </reporter-output>
        </test-method> <!-- tearDown -->
      </class> <!-- testCases.TC_002_LoginTest -->
      <class name="testCases.TC_003_LoginDDT">
        <test-method is-config="true" signature="setup(java.lang.String,java.lang.String)[pri:0, instance:testCases.TC_003_LoginDDT@747ddf94]" started-at="2025-02-20T09:02:04 IST" name="setup" finished-at="2025-02-20T09:02:06 IST" duration-ms="2274" status="PASS">
          <params>
            <param index="0">
              <value>
                <![CDATA[Windows]]>
              </value>
            </param>
            <param index="1">
              <value>
                <![CDATA[chrome]]>
              </value>
            </param>
          </params>
          <reporter-output>
          </reporter-output>
        </test-method> <!-- setup -->
        <test-method signature="verify_loginDDT(java.lang.String,java.lang.String,java.lang.String)[pri:0, instance:testCases.TC_003_LoginDDT@747ddf94]" started-at="2025-02-20T09:02:08 IST" name="verify_loginDDT" data-provider="LoginData" finished-at="2025-02-20T09:02:09 IST" duration-ms="1466" status="PASS">
          <params>
            <param index="0">
              <value>
                <![CDATA[abcdefg@gmail.com]]>
              </value>
            </param>
            <param index="1">
              <value>
                <![CDATA[test@123]]>
              </value>
            </param>
            <param index="2">
              <value>
                <![CDATA[Valid]]>
              </value>
            </param>
          </params>
          <reporter-output>
          </reporter-output>
        </test-method> <!-- verify_loginDDT -->
        <test-method signature="verify_loginDDT(java.lang.String,java.lang.String,java.lang.String)[pri:0, instance:testCases.TC_003_LoginDDT@747ddf94]" started-at="2025-02-20T09:02:09 IST" name="verify_loginDDT" data-provider="LoginData" finished-at="2025-02-20T09:02:11 IST" duration-ms="1615" status="PASS">
          <params>
            <param index="0">
              <value>
                <![CDATA[abcdefgh@yahoo.com]]>
              </value>
            </param>
            <param index="1">
              <value>
                <![CDATA[abcde]]>
              </value>
            </param>
            <param index="2">
              <value>
                <![CDATA[Invalid]]>
              </value>
            </param>
          </params>
          <reporter-output>
          </reporter-output>
        </test-method> <!-- verify_loginDDT -->
        <test-method signature="verify_loginDDT(java.lang.String,java.lang.String,java.lang.String)[pri:0, instance:testCases.TC_003_LoginDDT@747ddf94]" started-at="2025-02-20T09:02:11 IST" name="verify_loginDDT" data-provider="LoginData" finished-at="2025-02-20T09:02:12 IST" duration-ms="1437" status="PASS">
          <params>
            <param index="0">
              <value>
                <![CDATA[xyz@yahoo.com]]>
              </value>
            </param>
            <param index="1">
              <value>
                <![CDATA[Abcdefg]]>
              </value>
            </param>
            <param index="2">
              <value>
                <![CDATA[Invalid]]>
              </value>
            </param>
          </params>
          <reporter-output>
          </reporter-output>
        </test-method> <!-- verify_loginDDT -->
        <test-method signature="verify_loginDDT(java.lang.String,java.lang.String,java.lang.String)[pri:0, instance:testCases.TC_003_LoginDDT@747ddf94]" started-at="2025-02-20T09:02:12 IST" name="verify_loginDDT" data-provider="LoginData" finished-at="2025-02-20T09:02:14 IST" duration-ms="1402" status="PASS">
          <params>
            <param index="0">
              <value>
                <![CDATA[lmn@yahoo.com]]>
              </value>
            </param>
            <param index="1">
              <value>
                <![CDATA[abc]]>
              </value>
            </param>
            <param index="2">
              <value>
                <![CDATA[Invalid]]>
              </value>
            </param>
          </params>
          <reporter-output>
          </reporter-output>
        </test-method> <!-- verify_loginDDT -->
        <test-method signature="verify_loginDDT(java.lang.String,java.lang.String,java.lang.String)[pri:0, instance:testCases.TC_003_LoginDDT@747ddf94]" started-at="2025-02-20T09:02:14 IST" name="verify_loginDDT" data-provider="LoginData" finished-at="2025-02-20T09:02:17 IST" duration-ms="3098" status="PASS">
          <params>
            <param index="0">
              <value>
                <![CDATA[abc123@gmail.com]]>
              </value>
            </param>
            <param index="1">
              <value>
                <![CDATA[test@123]]>
              </value>
            </param>
            <param index="2">
              <value>
                <![CDATA[Valid]]>
              </value>
            </param>
          </params>
          <reporter-output>
          </reporter-output>
        </test-method> <!-- verify_loginDDT -->
        <test-method is-config="true" signature="tearDown()[pri:0, instance:testCases.TC_003_LoginDDT@747ddf94]" started-at="2025-02-20T09:02:17 IST" name="tearDown" finished-at="2025-02-20T09:02:17 IST" duration-ms="486" status="PASS">
          <reporter-output>
          </reporter-output>
        </test-method> <!-- tearDown -->
      </class> <!-- testCases.TC_003_LoginDDT -->
    </test> <!-- Test -->
  </suite> <!-- Suite -->
</testng-results>
