<?xml version="1.0" encoding="UTF-8"?>
<testng-results ignored="0" total="7" passed="7" failed="0" skipped="0">
  <reporter-output>
  </reporter-output>
  <suite started-at="2025-02-12T22:29:55 IST" name="Suite" finished-at="2025-02-12T22:30:32 IST" duration-ms="36771">
    <groups>
    </groups>
    <test started-at="2025-02-12T22:29:55 IST" name="Test" finished-at="2025-02-12T22:30:32 IST" duration-ms="36771">
      <class name="testCases.TC_001_AccountRegistrationTest">
        <test-method is-config="true" signature="setup(java.lang.String,java.lang.String)[pri:0, instance:testCases.TC_001_AccountRegistrationTest@68c9133c]" started-at="2025-02-12T22:29:56 IST" name="setup" finished-at="2025-02-12T22:30:00 IST" duration-ms="4628" status="PASS">
          <params>
            <param index="0">
              <value>
                <![CDATA[Windows]]>
              </value>
            </param>
            <param index="1">
              <value>
                <![CDATA[chrome]]>
              </value>
            </param>
          </params>
          <reporter-output>
          </reporter-output>
        </test-method> <!-- setup -->
        <test-method signature="verify_account_registration()[pri:0, instance:testCases.TC_001_AccountRegistrationTest@68c9133c]" started-at="2025-02-12T22:30:00 IST" name="verify_account_registration" finished-at="2025-02-12T22:30:14 IST" duration-ms="13945" status="PASS">
          <reporter-output>
          </reporter-output>
        </test-method> <!-- verify_account_registration -->
        <test-method is-config="true" signature="tearDown()[pri:0, instance:testCases.TC_001_AccountRegistrationTest@68c9133c]" started-at="2025-02-12T22:30:14 IST" name="tearDown" finished-at="2025-02-12T22:30:15 IST" duration-ms="235" status="PASS">
          <reporter-output>
          </reporter-output>
        </test-method> <!-- tearDown -->
      </class> <!-- testCases.TC_001_AccountRegistrationTest -->
      <class name="testCases.TC_002_LoginTest">
        <test-method is-config="true" signature="setup(java.lang.String,java.lang.String)[pri:0, instance:testCases.TC_002_LoginTest@16eb3ea3]" started-at="2025-02-12T22:30:15 IST" name="setup" finished-at="2025-02-12T22:30:17 IST" duration-ms="2786" status="PASS">
          <params>
            <param index="0">
              <value>
                <![CDATA[Windows]]>
              </value>
            </param>
            <param index="1">
              <value>
                <![CDATA[chrome]]>
              </value>
            </param>
          </params>
          <reporter-output>
          </reporter-output>
        </test-method> <!-- setup -->
        <test-method signature="verify_account_Login()[pri:0, instance:testCases.TC_002_LoginTest@16eb3ea3]" started-at="2025-02-12T22:30:17 IST" name="verify_account_Login" finished-at="2025-02-12T22:30:20 IST" duration-ms="2057" status="PASS">
          <reporter-output>
          </reporter-output>
        </test-method> <!-- verify_account_Login -->
        <test-method is-config="true" signature="tearDown()[pri:0, instance:testCases.TC_002_LoginTest@16eb3ea3]" started-at="2025-02-12T22:30:20 IST" name="tearDown" finished-at="2025-02-12T22:30:20 IST" duration-ms="184" status="PASS">
          <reporter-output>
          </reporter-output>
        </test-method> <!-- tearDown -->
      </class> <!-- testCases.TC_002_LoginTest -->
      <class name="testCases.TC_003_LoginDDT">
        <test-method is-config="true" signature="setup(java.lang.String,java.lang.String)[pri:0, instance:testCases.TC_003_LoginDDT@273444fe]" started-at="2025-02-12T22:30:20 IST" name="setup" finished-at="2025-02-12T22:30:23 IST" duration-ms="3356" status="PASS">
          <params>
            <param index="0">
              <value>
                <![CDATA[Windows]]>
              </value>
            </param>
            <param index="1">
              <value>
                <![CDATA[chrome]]>
              </value>
            </param>
          </params>
          <reporter-output>
          </reporter-output>
        </test-method> <!-- setup -->
        <test-method signature="verify_loginDDT(java.lang.String,java.lang.String,java.lang.String)[pri:0, instance:testCases.TC_003_LoginDDT@273444fe]" started-at="2025-02-12T22:30:24 IST" name="verify_loginDDT" data-provider="LoginData" finished-at="2025-02-12T22:30:26 IST" duration-ms="1716" status="PASS">
          <params>
            <param index="0">
              <value>
                <![CDATA[abcdefg@gmail.com]]>
              </value>
            </param>
            <param index="1">
              <value>
                <![CDATA[test@123]]>
              </value>
            </param>
            <param index="2">
              <value>
                <![CDATA[Valid]]>
              </value>
            </param>
          </params>
          <reporter-output>
          </reporter-output>
        </test-method> <!-- verify_loginDDT -->
        <test-method signature="verify_loginDDT(java.lang.String,java.lang.String,java.lang.String)[pri:0, instance:testCases.TC_003_LoginDDT@273444fe]" started-at="2025-02-12T22:30:26 IST" name="verify_loginDDT" data-provider="LoginData" finished-at="2025-02-12T22:30:27 IST" duration-ms="1406" status="PASS">
          <params>
            <param index="0">
              <value>
                <![CDATA[abcdefgh@yahoo.com]]>
              </value>
            </param>
            <param index="1">
              <value>
                <![CDATA[abcde]]>
              </value>
            </param>
            <param index="2">
              <value>
                <![CDATA[Invalid]]>
              </value>
            </param>
          </params>
          <reporter-output>
          </reporter-output>
        </test-method> <!-- verify_loginDDT -->
        <test-method signature="verify_loginDDT(java.lang.String,java.lang.String,java.lang.String)[pri:0, instance:testCases.TC_003_LoginDDT@273444fe]" started-at="2025-02-12T22:30:27 IST" name="verify_loginDDT" data-provider="LoginData" finished-at="2025-02-12T22:30:29 IST" duration-ms="1579" status="PASS">
          <params>
            <param index="0">
              <value>
                <![CDATA[xyz@yahoo.com]]>
              </value>
            </param>
            <param index="1">
              <value>
                <![CDATA[Abcdefg]]>
              </value>
            </param>
            <param index="2">
              <value>
                <![CDATA[Invalid]]>
              </value>
            </param>
          </params>
          <reporter-output>
          </reporter-output>
        </test-method> <!-- verify_loginDDT -->
        <test-method signature="verify_loginDDT(java.lang.String,java.lang.String,java.lang.String)[pri:0, instance:testCases.TC_003_LoginDDT@273444fe]" started-at="2025-02-12T22:30:29 IST" name="verify_loginDDT" data-provider="LoginData" finished-at="2025-02-12T22:30:30 IST" duration-ms="1510" status="PASS">
          <params>
            <param index="0">
              <value>
                <![CDATA[lmn@yahoo.com]]>
              </value>
            </param>
            <param index="1">
              <value>
                <![CDATA[abc]]>
              </value>
            </param>
            <param index="2">
              <value>
                <![CDATA[Invalid]]>
              </value>
            </param>
          </params>
          <reporter-output>
          </reporter-output>
        </test-method> <!-- verify_loginDDT -->
        <test-method signature="verify_loginDDT(java.lang.String,java.lang.String,java.lang.String)[pri:0, instance:testCases.TC_003_LoginDDT@273444fe]" started-at="2025-02-12T22:30:30 IST" name="verify_loginDDT" data-provider="LoginData" finished-at="2025-02-12T22:30:32 IST" duration-ms="1658" status="PASS">
          <params>
            <param index="0">
              <value>
                <![CDATA[abc123@gmail.com]]>
              </value>
            </param>
            <param index="1">
              <value>
                <![CDATA[test@123]]>
              </value>
            </param>
            <param index="2">
              <value>
                <![CDATA[Valid]]>
              </value>
            </param>
          </params>
          <reporter-output>
          </reporter-output>
        </test-method> <!-- verify_loginDDT -->
        <test-method is-config="true" signature="tearDown()[pri:0, instance:testCases.TC_003_LoginDDT@273444fe]" started-at="2025-02-12T22:30:32 IST" name="tearDown" finished-at="2025-02-12T22:30:32 IST" duration-ms="201" status="PASS">
          <reporter-output>
          </reporter-output>
        </test-method> <!-- tearDown -->
      </class> <!-- testCases.TC_003_LoginDDT -->
    </test> <!-- Test -->
  </suite> <!-- Suite -->
</testng-results>
